<?xml version="1.0" encoding="UTF-8"?>
<Site BuildName="(empty)"
	BuildStamp="20231205-1527-Experimental"
	Name="martin-Aspire-VN7-571G"
	Generator="ctest-3.22.1"
	CompilerName="/usr/bin/c++"
	CompilerVersion="11.4.0"
	OSName="Linux"
	Hostname="martin-Aspire-VN7-571G"
	OSRelease="6.2.0-37-generic"
	OSVersion="#38~22.04.1-Ubuntu SMP PREEMPT_DYNAMIC Thu Nov  2 18:01:13 UTC 2"
	OSPlatform="x86_64"
	Is64Bits="1"
	VendorString="GenuineIntel"
	VendorID="Intel Corporation"
	FamilyID="6"
	ModelID="69"
	ProcessorCacheSize="3072"
	NumberOfLogicalCPU="4"
	NumberOfPhysicalCPU="2"
	TotalVirtualMemory="2047"
	TotalPhysicalMemory="7859"
	LogicalProcessorsPerPhysical="2"
	ProcessorClockFrequency="2094.96"
	>
	<Testing>
		<StartDateTime>Dec 05 16:27 CET</StartDateTime>
		<StartTestTime>1701790062</StartTestTime>
		<TestList/>
		<EndDateTime>Dec 05 16:27 CET</EndDateTime>
		<EndTestTime>1701790062</EndTestTime>
		<ElapsedMinutes>0</ElapsedMinutes>
	</Testing>
</Site>
